warn: Microsoft.AspNetCore.DataProtection.Repositories.EphemeralXmlRepository[50]
      Using an in-memory repository. Keys will not be persisted to storage.
warn: Microsoft.AspNetCore.DataProtection.KeyManagement.XmlKeyManager[59]
      Neither user profile nor HKLM registry available. Using an ephemeral key repository. Protected data will be unavailable when application exits.
warn: Microsoft.AspNetCore.DataProtection.KeyManagement.XmlKeyManager[35]
      No XML encryptor configured. Key {632c5628-1e8f-4aca-8ac2-b5cdc18b9701} may be persisted to storage in unencrypted form.
info: Microsoft.Hosting.Lifetime[14]
      Now listening on: http://127.0.0.1:32044
info: Microsoft.Hosting.Lifetime[0]
      Application started. Press Ctrl+C to shut down.
info: Microsoft.Hosting.Lifetime[0]
      Hosting environment: Production
info: Microsoft.Hosting.Lifetime[0]
      Content root path: D:\xampp\htdocs\devpro\dotnet22\project
fail: Microsoft.AspNetCore.Server.Kestrel[13]
      Connection id "0HMUNMM78635G", Request id "0HMUNMM78635G:00000002": An unhandled exception was thrown by the application.
      System.InvalidOperationException: The 'Microsoft.AspNetCore.Mvc.ModelBinding.Binders.FormCollectionModelBinder' cannot bind to a model of type 'Microsoft.AspNetCore.Http.FormCollection'. Change the model type to 'Microsoft.AspNetCore.Http.IFormCollection' instead.
         at Microsoft.AspNetCore.Mvc.ModelBinding.Binders.FormCollectionModelBinderProvider.GetBinder(ModelBinderProviderContext context)
         at Microsoft.AspNetCore.Mvc.ModelBinding.ModelBinderFactory.CreateBinderCoreUncached(DefaultModelBinderProviderContext providerContext, Object token)
         at Microsoft.AspNetCore.Mvc.ModelBinding.ModelBinderFactory.CreateBinder(ModelBinderFactoryContext context)
         at Microsoft.AspNetCore.Mvc.Controllers.ControllerBinderDelegateProvider.GetParameterBindingInfo(IModelBinderFactory modelBinderFactory, IModelMetadataProvider modelMetadataProvider, ControllerActionDescriptor actionDescriptor)
         at Microsoft.AspNetCore.Mvc.Controllers.ControllerBinderDelegateProvider.CreateBinderDelegate(ParameterBinder parameterBinder, IModelBinderFactory modelBinderFactory, IModelMetadataProvider modelMetadataProvider, ControllerActionDescriptor actionDescriptor, MvcOptions mvcOptions)
         at Microsoft.AspNetCore.Mvc.Infrastructure.ControllerActionInvokerCache.GetCachedResult(ControllerContext controllerContext)
         at Microsoft.AspNetCore.Mvc.Routing.ControllerRequestDelegateFactory.<>c__DisplayClass12_0.<CreateRequestDelegate>b__0(HttpContext context)
         at Microsoft.AspNetCore.Routing.EndpointMiddleware.Invoke(HttpContext httpContext)
      --- End of stack trace from previous location ---
         at Microsoft.AspNetCore.Session.SessionMiddleware.Invoke(HttpContext context)
         at Microsoft.AspNetCore.Session.SessionMiddleware.Invoke(HttpContext context)
         at Microsoft.AspNetCore.Authorization.AuthorizationMiddleware.Invoke(HttpContext context)
         at Microsoft.AspNetCore.Authentication.AuthenticationMiddleware.Invoke(HttpContext context)
         at Microsoft.AspNetCore.Server.Kestrel.Core.Internal.Http.HttpProtocol.ProcessRequests[TContext](IHttpApplication`1 application)
info: Microsoft.Hosting.Lifetime[0]
      Application is shutting down...
